<?xml version="1.0" encoding="UTF-8"?>
<testsuite xmlns:xsi="http://www.w3.org/2001/XMLSchema-instance" xsi:noNamespaceSchemaLocation="https://maven.apache.org/surefire/maven-surefire-plugin/xsd/surefire-test-report.xsd" name="fr.bpifrance.qua.qformation.api.test.ti.FormationTest" time="27.635" tests="4" errors="0" skipped="0" failures="1">
  <properties>
    <property name="sun.desktop" value="windows"/>
    <property name="awt.toolkit" value="sun.awt.windows.WToolkit"/>
    <property name="java.specification.version" value="10"/>
    <property name="file.encoding.pkg" value="sun.io"/>
    <property name="sun.cpu.isalist" value="amd64"/>
    <property name="sun.jnu.encoding" value="Cp1252"/>
    <property name="java.class.path" value="C:\dev\workspace\qformation\qformation-api\target\test-classes;C:\dev\workspace\qformation\qformation-api\target\classes;C:\dev\workspace\qformation\qformation-domaine\target\qformation-domaine-0.0.1-develop-SNAPSHOT.jar;C:\dev\repository\org\springframework\spring-core\5.0.6.RELEASE\spring-core-5.0.6.RELEASE.jar;C:\dev\repository\org\springframework\spring-jcl\5.0.6.RELEASE\spring-jcl-5.0.6.RELEASE.jar;C:\dev\repository\org\springframework\spring-context\5.0.6.RELEASE\spring-context-5.0.6.RELEASE.jar;C:\dev\repository\org\springframework\spring-aop\5.0.6.RELEASE\spring-aop-5.0.6.RELEASE.jar;C:\dev\repository\org\springframework\spring-beans\5.0.6.RELEASE\spring-beans-5.0.6.RELEASE.jar;C:\dev\repository\org\springframework\spring-expression\5.0.6.RELEASE\spring-expression-5.0.6.RELEASE.jar;C:\dev\repository\org\projectlombok\lombok\1.18.2\lombok-1.18.2.jar;C:\dev\workspace\qformation\qformation-dao\target\qformation-dao-0.0.1-develop-SNAPSHOT.jar;C:\dev\repository\org\springframework\boot\spring-boot-starter-data-jpa\2.0.2.RELEASE\spring-boot-starter-data-jpa-2.0.2.RELEASE.jar;C:\dev\repository\org\springframework\boot\spring-boot-starter-aop\2.0.2.RELEASE\spring-boot-starter-aop-2.0.2.RELEASE.jar;C:\dev\repository\org\aspectj\aspectjweaver\1.8.13\aspectjweaver-1.8.13.jar;C:\dev\repository\org\springframework\boot\spring-boot-starter-jdbc\2.0.2.RELEASE\spring-boot-starter-jdbc-2.0.2.RELEASE.jar;C:\dev\repository\com\zaxxer\HikariCP\2.7.9\HikariCP-2.7.9.jar;C:\dev\repository\org\springframework\spring-jdbc\5.0.6.RELEASE\spring-jdbc-5.0.6.RELEASE.jar;C:\dev\repository\org\hibernate\hibernate-core\5.2.17.Final\hibernate-core-5.2.17.Final.jar;C:\dev\repository\org\hibernate\javax\persistence\hibernate-jpa-2.1-api\1.0.0.Final\hibernate-jpa-2.1-api-1.0.0.Final.jar;C:\dev\repository\org\javassist\javassist\3.22.0-GA\javassist-3.22.0-GA.jar;C:\dev\repository\antlr\antlr\2.7.7\antlr-2.7.7.jar;C:\dev\repository\org\jboss\jandex\2.0.3.Final\jandex-2.0.3.Final.jar;C:\dev\repository\dom4j\dom4j\1.6.1\dom4j-1.6.1.jar;C:\dev\repository\org\hibernate\common\hibernate-commons-annotations\5.0.1.Final\hibernate-commons-annotations-5.0.1.Final.jar;C:\dev\repository\javax\transaction\javax.transaction-api\1.2\javax.transaction-api-1.2.jar;C:\dev\repository\org\springframework\data\spring-data-jpa\2.0.7.RELEASE\spring-data-jpa-2.0.7.RELEASE.jar;C:\dev\repository\org\springframework\data\spring-data-commons\2.0.7.RELEASE\spring-data-commons-2.0.7.RELEASE.jar;C:\dev\repository\org\springframework\spring-orm\5.0.6.RELEASE\spring-orm-5.0.6.RELEASE.jar;C:\dev\repository\org\springframework\spring-tx\5.0.6.RELEASE\spring-tx-5.0.6.RELEASE.jar;C:\dev\repository\org\springframework\spring-aspects\5.0.6.RELEASE\spring-aspects-5.0.6.RELEASE.jar;C:\dev\repository\org\modelmapper\modelmapper\0.7.7\modelmapper-0.7.7.jar;C:\dev\repository\org\mapstruct\mapstruct\1.1.0.Final\mapstruct-1.1.0.Final.jar;C:\dev\repository\org\assertj\assertj-core\3.9.1\assertj-core-3.9.1.jar;C:\dev\repository\org\glassfish\jaxb\jaxb-runtime\2.4.0-b180725.0644\jaxb-runtime-2.4.0-b180725.0644.jar;C:\dev\repository\javax\xml\bind\jaxb-api\2.3.0\jaxb-api-2.3.0.jar;C:\dev\repository\org\glassfish\jaxb\txw2\2.4.0-b180725.0644\txw2-2.4.0-b180725.0644.jar;C:\dev\repository\com\sun\istack\istack-commons-runtime\3.0.6\istack-commons-runtime-3.0.6.jar;C:\dev\repository\org\jvnet\staxex\stax-ex\1.8\stax-ex-1.8.jar;C:\dev\repository\com\sun\xml\fastinfoset\FastInfoset\1.2.14\FastInfoset-1.2.14.jar;C:\dev\repository\javax\activation\javax.activation-api\1.2.0\javax.activation-api-1.2.0.jar;C:\dev\repository\org\springframework\boot\spring-boot-starter-web\2.0.2.RELEASE\spring-boot-starter-web-2.0.2.RELEASE.jar;C:\dev\repository\org\springframework\boot\spring-boot-starter\2.0.2.RELEASE\spring-boot-starter-2.0.2.RELEASE.jar;C:\dev\repository\org\springframework\boot\spring-boot-starter-logging\2.0.2.RELEASE\spring-boot-starter-logging-2.0.2.RELEASE.jar;C:\dev\repository\ch\qos\logback\logback-classic\1.2.3\logback-classic-1.2.3.jar;C:\dev\repository\ch\qos\logback\logback-core\1.2.3\logback-core-1.2.3.jar;C:\dev\repository\org\apache\logging\log4j\log4j-to-slf4j\2.10.0\log4j-to-slf4j-2.10.0.jar;C:\dev\repository\org\apache\logging\log4j\log4j-api\2.10.0\log4j-api-2.10.0.jar;C:\dev\repository\org\slf4j\jul-to-slf4j\1.7.25\jul-to-slf4j-1.7.25.jar;C:\dev\repository\javax\annotation\javax.annotation-api\1.3.2\javax.annotation-api-1.3.2.jar;C:\dev\repository\org\yaml\snakeyaml\1.19\snakeyaml-1.19.jar;C:\dev\repository\org\springframework\boot\spring-boot-starter-json\2.0.2.RELEASE\spring-boot-starter-json-2.0.2.RELEASE.jar;C:\dev\repository\com\fasterxml\jackson\core\jackson-databind\2.9.5\jackson-databind-2.9.5.jar;C:\dev\repository\com\fasterxml\jackson\core\jackson-annotations\2.9.0\jackson-annotations-2.9.0.jar;C:\dev\repository\com\fasterxml\jackson\core\jackson-core\2.9.5\jackson-core-2.9.5.jar;C:\dev\repository\com\fasterxml\jackson\datatype\jackson-datatype-jdk8\2.9.5\jackson-datatype-jdk8-2.9.5.jar;C:\dev\repository\com\fasterxml\jackson\datatype\jackson-datatype-jsr310\2.9.5\jackson-datatype-jsr310-2.9.5.jar;C:\dev\repository\com\fasterxml\jackson\module\jackson-module-parameter-names\2.9.5\jackson-module-parameter-names-2.9.5.jar;C:\dev\repository\org\springframework\boot\spring-boot-starter-tomcat\2.0.2.RELEASE\spring-boot-starter-tomcat-2.0.2.RELEASE.jar;C:\dev\repository\org\apache\tomcat\embed\tomcat-embed-core\8.5.31\tomcat-embed-core-8.5.31.jar;C:\dev\repository\org\apache\tomcat\embed\tomcat-embed-el\8.5.31\tomcat-embed-el-8.5.31.jar;C:\dev\repository\org\apache\tomcat\embed\tomcat-embed-websocket\8.5.31\tomcat-embed-websocket-8.5.31.jar;C:\dev\repository\org\hibernate\validator\hibernate-validator\6.0.9.Final\hibernate-validator-6.0.9.Final.jar;C:\dev\repository\javax\validation\validation-api\2.0.1.Final\validation-api-2.0.1.Final.jar;C:\dev\repository\org\jboss\logging\jboss-logging\3.3.2.Final\jboss-logging-3.3.2.Final.jar;C:\dev\repository\com\fasterxml\classmate\1.3.4\classmate-1.3.4.jar;C:\dev\repository\org\springframework\spring-web\5.0.6.RELEASE\spring-web-5.0.6.RELEASE.jar;C:\dev\repository\org\springframework\spring-webmvc\5.0.6.RELEASE\spring-webmvc-5.0.6.RELEASE.jar;C:\dev\repository\org\springframework\boot\spring-boot-starter-test\2.0.2.RELEASE\spring-boot-starter-test-2.0.2.RELEASE.jar;C:\dev\repository\com\jayway\jsonpath\json-path\2.4.0\json-path-2.4.0.jar;C:\dev\repository\net\minidev\json-smart\2.3\json-smart-2.3.jar;C:\dev\repository\net\minidev\accessors-smart\1.2\accessors-smart-1.2.jar;C:\dev\repository\org\ow2\asm\asm\5.0.4\asm-5.0.4.jar;C:\dev\repository\org\slf4j\slf4j-api\1.7.25\slf4j-api-1.7.25.jar;C:\dev\repository\org\hamcrest\hamcrest-core\1.3\hamcrest-core-1.3.jar;C:\dev\repository\org\hamcrest\hamcrest-library\1.3\hamcrest-library-1.3.jar;C:\dev\repository\org\skyscreamer\jsonassert\1.5.0\jsonassert-1.5.0.jar;C:\dev\repository\com\vaadin\external\google\android-json\0.0.20131108.vaadin1\android-json-0.0.20131108.vaadin1.jar;C:\dev\repository\org\xmlunit\xmlunit-core\2.5.1\xmlunit-core-2.5.1.jar;C:\dev\repository\org\springframework\boot\spring-boot-starter-actuator\2.0.2.RELEASE\spring-boot-starter-actuator-2.0.2.RELEASE.jar;C:\dev\repository\org\springframework\boot\spring-boot-actuator-autoconfigure\2.0.2.RELEASE\spring-boot-actuator-autoconfigure-2.0.2.RELEASE.jar;C:\dev\repository\org\springframework\boot\spring-boot-actuator\2.0.2.RELEASE\spring-boot-actuator-2.0.2.RELEASE.jar;C:\dev\repository\io\micrometer\micrometer-core\1.0.4\micrometer-core-1.0.4.jar;C:\dev\repository\org\hdrhistogram\HdrHistogram\2.1.10\HdrHistogram-2.1.10.jar;C:\dev\repository\org\latencyutils\LatencyUtils\2.0.3\LatencyUtils-2.0.3.jar;C:\dev\repository\org\springframework\boot\spring-boot-test\2.0.2.RELEASE\spring-boot-test-2.0.2.RELEASE.jar;C:\dev\repository\org\springframework\boot\spring-boot\2.0.2.RELEASE\spring-boot-2.0.2.RELEASE.jar;C:\dev\repository\com\h2database\h2\1.4.197\h2-1.4.197.jar;C:\dev\repository\org\springframework\boot\spring-boot-test-autoconfigure\2.0.2.RELEASE\spring-boot-test-autoconfigure-2.0.2.RELEASE.jar;C:\dev\repository\org\springframework\boot\spring-boot-autoconfigure\2.0.2.RELEASE\spring-boot-autoconfigure-2.0.2.RELEASE.jar;C:\dev\repository\io\cucumber\cucumber-junit\2.3.1\cucumber-junit-2.3.1.jar;C:\dev\repository\io\cucumber\cucumber-core\2.3.1\cucumber-core-2.3.1.jar;C:\dev\repository\info\cukes\cucumber-html\0.2.6\cucumber-html-0.2.6.jar;C:\dev\repository\io\cucumber\cucumber-jvm-deps\1.0.6\cucumber-jvm-deps-1.0.6.jar;C:\dev\repository\io\cucumber\gherkin\5.0.0\gherkin-5.0.0.jar;C:\dev\repository\io\cucumber\tag-expressions\1.1.1\tag-expressions-1.1.1.jar;C:\dev\repository\io\cucumber\cucumber-spring\2.3.1\cucumber-spring-2.3.1.jar;C:\dev\repository\io\cucumber\cucumber-java\2.3.1\cucumber-java-2.3.1.jar;C:\dev\repository\org\springframework\spring-test\5.0.6.RELEASE\spring-test-5.0.6.RELEASE.jar;C:\dev\repository\junit\junit\4.12\junit-4.12.jar;C:\dev\repository\org\mockito\mockito-core\2.25.0\mockito-core-2.25.0.jar;C:\dev\repository\net\bytebuddy\byte-buddy\1.9.7\byte-buddy-1.9.7.jar;C:\dev\repository\net\bytebuddy\byte-buddy-agent\1.9.7\byte-buddy-agent-1.9.7.jar;C:\dev\repository\org\objenesis\objenesis\2.6\objenesis-2.6.jar;"/>
    <property name="java.vm.vendor" value="&quot;Oracle Corporation&quot;"/>
    <property name="sun.arch.data.model" value="64"/>
    <property name="user.variant" value=""/>
    <property name="java.vendor.url" value="http://java.oracle.com/"/>
    <property name="user.timezone" value=""/>
    <property name="java.vm.specification.version" value="10"/>
    <property name="os.name" value="Windows 10"/>
    <property name="sun.java.launcher" value="SUN_STANDARD"/>
    <property name="user.country" value="FR"/>
    <property name="sun.boot.library.path" value="C:\dev\ztoolbox\jdk-10.0.2\bin"/>
    <property name="sun.java.command" value="C:\Users\m10657\AppData\Local\Temp\5\surefire1734954428170418737\surefirebooter3861794223194486637.jar C:\Users\m10657\AppData\Local\Temp\5\surefire1734954428170418737 2019-04-17T17-45-51_049-jvmRun1 surefire8532087748350918228tmp surefire_28442218649097566441tmp"/>
    <property name="jdk.debug" value="release"/>
    <property name="surefire.test.class.path" value="C:\dev\workspace\qformation\qformation-api\target\test-classes;C:\dev\workspace\qformation\qformation-api\target\classes;C:\dev\workspace\qformation\qformation-domaine\target\qformation-domaine-0.0.1-develop-SNAPSHOT.jar;C:\dev\repository\org\springframework\spring-core\5.0.6.RELEASE\spring-core-5.0.6.RELEASE.jar;C:\dev\repository\org\springframework\spring-jcl\5.0.6.RELEASE\spring-jcl-5.0.6.RELEASE.jar;C:\dev\repository\org\springframework\spring-context\5.0.6.RELEASE\spring-context-5.0.6.RELEASE.jar;C:\dev\repository\org\springframework\spring-aop\5.0.6.RELEASE\spring-aop-5.0.6.RELEASE.jar;C:\dev\repository\org\springframework\spring-beans\5.0.6.RELEASE\spring-beans-5.0.6.RELEASE.jar;C:\dev\repository\org\springframework\spring-expression\5.0.6.RELEASE\spring-expression-5.0.6.RELEASE.jar;C:\dev\repository\org\projectlombok\lombok\1.18.2\lombok-1.18.2.jar;C:\dev\workspace\qformation\qformation-dao\target\qformation-dao-0.0.1-develop-SNAPSHOT.jar;C:\dev\repository\org\springframework\boot\spring-boot-starter-data-jpa\2.0.2.RELEASE\spring-boot-starter-data-jpa-2.0.2.RELEASE.jar;C:\dev\repository\org\springframework\boot\spring-boot-starter-aop\2.0.2.RELEASE\spring-boot-starter-aop-2.0.2.RELEASE.jar;C:\dev\repository\org\aspectj\aspectjweaver\1.8.13\aspectjweaver-1.8.13.jar;C:\dev\repository\org\springframework\boot\spring-boot-starter-jdbc\2.0.2.RELEASE\spring-boot-starter-jdbc-2.0.2.RELEASE.jar;C:\dev\repository\com\zaxxer\HikariCP\2.7.9\HikariCP-2.7.9.jar;C:\dev\repository\org\springframework\spring-jdbc\5.0.6.RELEASE\spring-jdbc-5.0.6.RELEASE.jar;C:\dev\repository\org\hibernate\hibernate-core\5.2.17.Final\hibernate-core-5.2.17.Final.jar;C:\dev\repository\org\hibernate\javax\persistence\hibernate-jpa-2.1-api\1.0.0.Final\hibernate-jpa-2.1-api-1.0.0.Final.jar;C:\dev\repository\org\javassist\javassist\3.22.0-GA\javassist-3.22.0-GA.jar;C:\dev\repository\antlr\antlr\2.7.7\antlr-2.7.7.jar;C:\dev\repository\org\jboss\jandex\2.0.3.Final\jandex-2.0.3.Final.jar;C:\dev\repository\dom4j\dom4j\1.6.1\dom4j-1.6.1.jar;C:\dev\repository\org\hibernate\common\hibernate-commons-annotations\5.0.1.Final\hibernate-commons-annotations-5.0.1.Final.jar;C:\dev\repository\javax\transaction\javax.transaction-api\1.2\javax.transaction-api-1.2.jar;C:\dev\repository\org\springframework\data\spring-data-jpa\2.0.7.RELEASE\spring-data-jpa-2.0.7.RELEASE.jar;C:\dev\repository\org\springframework\data\spring-data-commons\2.0.7.RELEASE\spring-data-commons-2.0.7.RELEASE.jar;C:\dev\repository\org\springframework\spring-orm\5.0.6.RELEASE\spring-orm-5.0.6.RELEASE.jar;C:\dev\repository\org\springframework\spring-tx\5.0.6.RELEASE\spring-tx-5.0.6.RELEASE.jar;C:\dev\repository\org\springframework\spring-aspects\5.0.6.RELEASE\spring-aspects-5.0.6.RELEASE.jar;C:\dev\repository\org\modelmapper\modelmapper\0.7.7\modelmapper-0.7.7.jar;C:\dev\repository\org\mapstruct\mapstruct\1.1.0.Final\mapstruct-1.1.0.Final.jar;C:\dev\repository\org\assertj\assertj-core\3.9.1\assertj-core-3.9.1.jar;C:\dev\repository\org\glassfish\jaxb\jaxb-runtime\2.4.0-b180725.0644\jaxb-runtime-2.4.0-b180725.0644.jar;C:\dev\repository\javax\xml\bind\jaxb-api\2.3.0\jaxb-api-2.3.0.jar;C:\dev\repository\org\glassfish\jaxb\txw2\2.4.0-b180725.0644\txw2-2.4.0-b180725.0644.jar;C:\dev\repository\com\sun\istack\istack-commons-runtime\3.0.6\istack-commons-runtime-3.0.6.jar;C:\dev\repository\org\jvnet\staxex\stax-ex\1.8\stax-ex-1.8.jar;C:\dev\repository\com\sun\xml\fastinfoset\FastInfoset\1.2.14\FastInfoset-1.2.14.jar;C:\dev\repository\javax\activation\javax.activation-api\1.2.0\javax.activation-api-1.2.0.jar;C:\dev\repository\org\springframework\boot\spring-boot-starter-web\2.0.2.RELEASE\spring-boot-starter-web-2.0.2.RELEASE.jar;C:\dev\repository\org\springframework\boot\spring-boot-starter\2.0.2.RELEASE\spring-boot-starter-2.0.2.RELEASE.jar;C:\dev\repository\org\springframework\boot\spring-boot-starter-logging\2.0.2.RELEASE\spring-boot-starter-logging-2.0.2.RELEASE.jar;C:\dev\repository\ch\qos\logback\logback-classic\1.2.3\logback-classic-1.2.3.jar;C:\dev\repository\ch\qos\logback\logback-core\1.2.3\logback-core-1.2.3.jar;C:\dev\repository\org\apache\logging\log4j\log4j-to-slf4j\2.10.0\log4j-to-slf4j-2.10.0.jar;C:\dev\repository\org\apache\logging\log4j\log4j-api\2.10.0\log4j-api-2.10.0.jar;C:\dev\repository\org\slf4j\jul-to-slf4j\1.7.25\jul-to-slf4j-1.7.25.jar;C:\dev\repository\javax\annotation\javax.annotation-api\1.3.2\javax.annotation-api-1.3.2.jar;C:\dev\repository\org\yaml\snakeyaml\1.19\snakeyaml-1.19.jar;C:\dev\repository\org\springframework\boot\spring-boot-starter-json\2.0.2.RELEASE\spring-boot-starter-json-2.0.2.RELEASE.jar;C:\dev\repository\com\fasterxml\jackson\core\jackson-databind\2.9.5\jackson-databind-2.9.5.jar;C:\dev\repository\com\fasterxml\jackson\core\jackson-annotations\2.9.0\jackson-annotations-2.9.0.jar;C:\dev\repository\com\fasterxml\jackson\core\jackson-core\2.9.5\jackson-core-2.9.5.jar;C:\dev\repository\com\fasterxml\jackson\datatype\jackson-datatype-jdk8\2.9.5\jackson-datatype-jdk8-2.9.5.jar;C:\dev\repository\com\fasterxml\jackson\datatype\jackson-datatype-jsr310\2.9.5\jackson-datatype-jsr310-2.9.5.jar;C:\dev\repository\com\fasterxml\jackson\module\jackson-module-parameter-names\2.9.5\jackson-module-parameter-names-2.9.5.jar;C:\dev\repository\org\springframework\boot\spring-boot-starter-tomcat\2.0.2.RELEASE\spring-boot-starter-tomcat-2.0.2.RELEASE.jar;C:\dev\repository\org\apache\tomcat\embed\tomcat-embed-core\8.5.31\tomcat-embed-core-8.5.31.jar;C:\dev\repository\org\apache\tomcat\embed\tomcat-embed-el\8.5.31\tomcat-embed-el-8.5.31.jar;C:\dev\repository\org\apache\tomcat\embed\tomcat-embed-websocket\8.5.31\tomcat-embed-websocket-8.5.31.jar;C:\dev\repository\org\hibernate\validator\hibernate-validator\6.0.9.Final\hibernate-validator-6.0.9.Final.jar;C:\dev\repository\javax\validation\validation-api\2.0.1.Final\validation-api-2.0.1.Final.jar;C:\dev\repository\org\jboss\logging\jboss-logging\3.3.2.Final\jboss-logging-3.3.2.Final.jar;C:\dev\repository\com\fasterxml\classmate\1.3.4\classmate-1.3.4.jar;C:\dev\repository\org\springframework\spring-web\5.0.6.RELEASE\spring-web-5.0.6.RELEASE.jar;C:\dev\repository\org\springframework\spring-webmvc\5.0.6.RELEASE\spring-webmvc-5.0.6.RELEASE.jar;C:\dev\repository\org\springframework\boot\spring-boot-starter-test\2.0.2.RELEASE\spring-boot-starter-test-2.0.2.RELEASE.jar;C:\dev\repository\com\jayway\jsonpath\json-path\2.4.0\json-path-2.4.0.jar;C:\dev\repository\net\minidev\json-smart\2.3\json-smart-2.3.jar;C:\dev\repository\net\minidev\accessors-smart\1.2\accessors-smart-1.2.jar;C:\dev\repository\org\ow2\asm\asm\5.0.4\asm-5.0.4.jar;C:\dev\repository\org\slf4j\slf4j-api\1.7.25\slf4j-api-1.7.25.jar;C:\dev\repository\org\hamcrest\hamcrest-core\1.3\hamcrest-core-1.3.jar;C:\dev\repository\org\hamcrest\hamcrest-library\1.3\hamcrest-library-1.3.jar;C:\dev\repository\org\skyscreamer\jsonassert\1.5.0\jsonassert-1.5.0.jar;C:\dev\repository\com\vaadin\external\google\android-json\0.0.20131108.vaadin1\android-json-0.0.20131108.vaadin1.jar;C:\dev\repository\org\xmlunit\xmlunit-core\2.5.1\xmlunit-core-2.5.1.jar;C:\dev\repository\org\springframework\boot\spring-boot-starter-actuator\2.0.2.RELEASE\spring-boot-starter-actuator-2.0.2.RELEASE.jar;C:\dev\repository\org\springframework\boot\spring-boot-actuator-autoconfigure\2.0.2.RELEASE\spring-boot-actuator-autoconfigure-2.0.2.RELEASE.jar;C:\dev\repository\org\springframework\boot\spring-boot-actuator\2.0.2.RELEASE\spring-boot-actuator-2.0.2.RELEASE.jar;C:\dev\repository\io\micrometer\micrometer-core\1.0.4\micrometer-core-1.0.4.jar;C:\dev\repository\org\hdrhistogram\HdrHistogram\2.1.10\HdrHistogram-2.1.10.jar;C:\dev\repository\org\latencyutils\LatencyUtils\2.0.3\LatencyUtils-2.0.3.jar;C:\dev\repository\org\springframework\boot\spring-boot-test\2.0.2.RELEASE\spring-boot-test-2.0.2.RELEASE.jar;C:\dev\repository\org\springframework\boot\spring-boot\2.0.2.RELEASE\spring-boot-2.0.2.RELEASE.jar;C:\dev\repository\com\h2database\h2\1.4.197\h2-1.4.197.jar;C:\dev\repository\org\springframework\boot\spring-boot-test-autoconfigure\2.0.2.RELEASE\spring-boot-test-autoconfigure-2.0.2.RELEASE.jar;C:\dev\repository\org\springframework\boot\spring-boot-autoconfigure\2.0.2.RELEASE\spring-boot-autoconfigure-2.0.2.RELEASE.jar;C:\dev\repository\io\cucumber\cucumber-junit\2.3.1\cucumber-junit-2.3.1.jar;C:\dev\repository\io\cucumber\cucumber-core\2.3.1\cucumber-core-2.3.1.jar;C:\dev\repository\info\cukes\cucumber-html\0.2.6\cucumber-html-0.2.6.jar;C:\dev\repository\io\cucumber\cucumber-jvm-deps\1.0.6\cucumber-jvm-deps-1.0.6.jar;C:\dev\repository\io\cucumber\gherkin\5.0.0\gherkin-5.0.0.jar;C:\dev\repository\io\cucumber\tag-expressions\1.1.1\tag-expressions-1.1.1.jar;C:\dev\repository\io\cucumber\cucumber-spring\2.3.1\cucumber-spring-2.3.1.jar;C:\dev\repository\io\cucumber\cucumber-java\2.3.1\cucumber-java-2.3.1.jar;C:\dev\repository\org\springframework\spring-test\5.0.6.RELEASE\spring-test-5.0.6.RELEASE.jar;C:\dev\repository\junit\junit\4.12\junit-4.12.jar;C:\dev\repository\org\mockito\mockito-core\2.25.0\mockito-core-2.25.0.jar;C:\dev\repository\net\bytebuddy\byte-buddy\1.9.7\byte-buddy-1.9.7.jar;C:\dev\repository\net\bytebuddy\byte-buddy-agent\1.9.7\byte-buddy-agent-1.9.7.jar;C:\dev\repository\org\objenesis\objenesis\2.6\objenesis-2.6.jar;"/>
    <property name="sun.cpu.endian" value="little"/>
    <property name="user.home" value="C:\Users\m10657"/>
    <property name="user.language" value="fr"/>
    <property name="java.specification.vendor" value="Oracle Corporation"/>
    <property name="java.version.date" value="2018-07-17"/>
    <property name="java.home" value="C:\dev\ztoolbox\jdk-10.0.2"/>
    <property name="file.separator" value="\"/>
    <property name="basedir" value="C:\dev\workspace\qformation\qformation-api"/>
    <property name="java.vm.compressedOopsMode" value="Zero based"/>
    <property name="line.separator" value="&#10;"/>
    <property name="java.specification.name" value="Java Platform API Specification"/>
    <property name="java.vm.specification.vendor" value="Oracle Corporation"/>
    <property name="java.awt.graphicsenv" value="sun.awt.Win32GraphicsEnvironment"/>
    <property name="surefire.real.class.path" value="C:\Users\m10657\AppData\Local\Temp\5\surefire1734954428170418737\surefirebooter3861794223194486637.jar"/>
    <property name="user.script" value=""/>
    <property name="sun.management.compiler" value="HotSpot 64-Bit Tiered Compilers"/>
    <property name="java.runtime.version" value="10.0.2+13"/>
    <property name="user.name" value="M10657"/>
    <property name="path.separator" value=";"/>
    <property name="os.version" value="10.0"/>
    <property name="java.runtime.name" value="OpenJDK Runtime Environment"/>
    <property name="file.encoding" value="Cp1252"/>
    <property name="java.vm.name" value="OpenJDK 64-Bit Server VM"/>
    <property name="java.vendor.version" value="18.3"/>
    <property name="localRepository" value="C:\dev\repository"/>
    <property name="java.vendor.url.bug" value="http://bugreport.java.com/bugreport/"/>
    <property name="java.io.tmpdir" value="C:\Users\m10657\AppData\Local\Temp\5\"/>
    <property name="java.version" value="10.0.2"/>
    <property name="user.dir" value="C:\dev\workspace\qformation\qformation-api"/>
    <property name="os.arch" value="amd64"/>
    <property name="java.vm.specification.name" value="Java Virtual Machine Specification"/>
    <property name="java.awt.printerjob" value="sun.awt.windows.WPrinterJob"/>
    <property name="sun.os.patch.level" value=""/>
    <property name="java.library.path" value="C:\dev\ztoolbox\jdk-10.0.2\bin;C:\Windows\Sun\Java\bin;C:\Windows\system32;C:\Windows;C:\dev\ztoolbox\cmder\bin;C:\dev\ztoolbox\cmder\vendor\conemu-maximus5\ConEmu\Scripts;C:\dev\ztoolbox\cmder\vendor\conemu-maximus5;C:\dev\ztoolbox\cmder\vendor\conemu-maximus5\ConEmu;C:\ProgramData\Oracle\Java\javapath;C:\Windows\system32;C:\Windows;C:\Windows\System32\Wbem;C:\Windows\System32\WindowsPowerShell\v1.0\;C:\Program Files\ooRexx;C:\Reseau\Utils;U:\Natsys;C:\dev\ztoolbox\jdk-10.0.2\bin;C:\dev\ztoolbox\maven_352\bin;C:\dev\ztoolbox\cmder\vendor\git-for-windows\cmd;C:\dev\ztoolbox\node_v8_6_0;C:\dev\ztoolbox\oc;C:\dev\ztoolbox\putty;C:\dev\ztoolbox\winmerge;C:\dev\ztoolbox\wlp\bin;C:\dev\npm-packages;C:\dev\ztoolbox\selenium;C:\dev\ztoolbox\cmder\vendor\git-for-windows\usr\bin;C:\dev\ztoolbox\cmder\vendor\git-for-windows\usr\share\vim\vim74;C:\dev\ztoolbox\cmder\;."/>
    <property name="java.vendor" value="Oracle Corporation"/>
    <property name="java.vm.info" value="mixed mode"/>
    <property name="java.vm.version" value="10.0.2+13"/>
    <property name="sun.io.unicode.encoding" value="UnicodeLittle"/>
    <property name="enforcer.skip" value="true"/>
    <property name="java.class.version" value="54.0"/>
  </properties>
  <testcase name="testObtenirFormationsNonVide1" classname="fr.bpifrance.qua.qformation.api.test.ti.FormationTest" time="1.406"/>
  <testcase name="testObtenirFormationsNonVide2" classname="fr.bpifrance.qua.qformation.api.test.ti.FormationTest" time="1.06"/>
  <testcase name="testObtenirFormation1" classname="fr.bpifrance.qua.qformation.api.test.ti.FormationTest" time="0.341">
    <failure message="expected:&lt;&quot;CHM&quot;&gt; but was:&lt;null&gt;" type="org.junit.ComparisonFailure"><![CDATA[org.junit.ComparisonFailure: expected:<"CHM"> but was:<null>
	at fr.bpifrance.qua.qformation.api.test.ti.FormationTest.testObtenirFormation1(FormationTest.java:88)
]]></failure>
    <system-out><![CDATA[2019-04-17 17:47:16.120  INFO 15596 --- [           main] o.s.jdbc.datasource.init.ScriptUtils     : Executing SQL script from class path resource [init1.sql]
2019-04-17 17:47:16.120  INFO 15596 --- [           main] o.s.jdbc.datasource.init.ScriptUtils     : Executed SQL script from class path resource [init1.sql] in 0 ms.
2019-04-17 17:47:16.330 ERROR 15596 --- [o-auto-1-exec-2] o.a.c.c.C.[.[.[/].[dispatcherServlet]    : Servlet.service() for servlet [dispatcherServlet] in context with path [] threw exception [Request processing failed; nested exception is javax.persistence.EntityNotFoundException: Unable to find fr.bpifrance.qua.qformation.dao.models.FormationEntity with id 1] with root cause

javax.persistence.EntityNotFoundException: Unable to find fr.bpifrance.qua.qformation.dao.models.FormationEntity with id 1
	at org.hibernate.jpa.boot.internal.EntityManagerFactoryBuilderImpl$JpaEntityNotFoundDelegate.handleEntityNotFound(EntityManagerFactoryBuilderImpl.java:159) ~[hibernate-core-5.2.17.Final.jar:5.2.17.Final]
	at org.hibernate.proxy.AbstractLazyInitializer.checkTargetState(AbstractLazyInitializer.java:244) ~[hibernate-core-5.2.17.Final.jar:5.2.17.Final]
	at org.hibernate.proxy.AbstractLazyInitializer.initialize(AbstractLazyInitializer.java:166) ~[hibernate-core-5.2.17.Final.jar:5.2.17.Final]
	at org.hibernate.proxy.AbstractLazyInitializer.getImplementation(AbstractLazyInitializer.java:268) ~[hibernate-core-5.2.17.Final.jar:5.2.17.Final]
	at org.hibernate.proxy.pojo.javassist.JavassistLazyInitializer.invoke(JavassistLazyInitializer.java:73) ~[hibernate-core-5.2.17.Final.jar:5.2.17.Final]
	at fr.bpifrance.qua.qformation.dao.models.FormationEntity_$$_jvste0a_3.setStagiaires(FormationEntity_$$_jvste0a_3.java) ~[qformation-dao-0.0.1-develop-SNAPSHOT.jar:0.0.1-develop-SNAPSHOT]
	at fr.bpifrance.qua.qformation.domaine.FormationMetier.consulterFormation(FormationMetier.java:41) ~[qformation-domaine-0.0.1-develop-SNAPSHOT.jar:0.0.1-develop-SNAPSHOT]
	at fr.bpifrance.qua.qformation.api.resources.FormationResource.obtenirFormation(FormationResource.java:61) ~[classes/:na]
	at java.base/jdk.internal.reflect.NativeMethodAccessorImpl.invoke0(Native Method) ~[na:na]
	at java.base/jdk.internal.reflect.NativeMethodAccessorImpl.invoke(NativeMethodAccessorImpl.java:62) ~[na:na]
	at java.base/jdk.internal.reflect.DelegatingMethodAccessorImpl.invoke(DelegatingMethodAccessorImpl.java:43) ~[na:na]
	at java.base/java.lang.reflect.Method.invoke(Method.java:564) ~[na:na]
	at org.springframework.web.method.support.InvocableHandlerMethod.doInvoke(InvocableHandlerMethod.java:209) ~[spring-web-5.0.6.RELEASE.jar:5.0.6.RELEASE]
	at org.springframework.web.method.support.InvocableHandlerMethod.invokeForRequest(InvocableHandlerMethod.java:136) ~[spring-web-5.0.6.RELEASE.jar:5.0.6.RELEASE]
	at org.springframework.web.servlet.mvc.method.annotation.ServletInvocableHandlerMethod.invokeAndHandle(ServletInvocableHandlerMethod.java:102) ~[spring-webmvc-5.0.6.RELEASE.jar:5.0.6.RELEASE]
	at org.springframework.web.servlet.mvc.method.annotation.RequestMappingHandlerAdapter.invokeHandlerMethod(RequestMappingHandlerAdapter.java:877) ~[spring-webmvc-5.0.6.RELEASE.jar:5.0.6.RELEASE]
	at org.springframework.web.servlet.mvc.method.annotation.RequestMappingHandlerAdapter.handleInternal(RequestMappingHandlerAdapter.java:783) ~[spring-webmvc-5.0.6.RELEASE.jar:5.0.6.RELEASE]
	at org.springframework.web.servlet.mvc.method.AbstractHandlerMethodAdapter.handle(AbstractHandlerMethodAdapter.java:87) ~[spring-webmvc-5.0.6.RELEASE.jar:5.0.6.RELEASE]
	at org.springframework.web.servlet.DispatcherServlet.doDispatch(DispatcherServlet.java:991) ~[spring-webmvc-5.0.6.RELEASE.jar:5.0.6.RELEASE]
	at org.springframework.web.servlet.DispatcherServlet.doService(DispatcherServlet.java:925) ~[spring-webmvc-5.0.6.RELEASE.jar:5.0.6.RELEASE]
	at org.springframework.web.servlet.FrameworkServlet.processRequest(FrameworkServlet.java:974) ~[spring-webmvc-5.0.6.RELEASE.jar:5.0.6.RELEASE]
	at org.springframework.web.servlet.FrameworkServlet.doGet(FrameworkServlet.java:866) ~[spring-webmvc-5.0.6.RELEASE.jar:5.0.6.RELEASE]
	at javax.servlet.http.HttpServlet.service(HttpServlet.java:635) ~[tomcat-embed-core-8.5.31.jar:8.5.31]
	at org.springframework.web.servlet.FrameworkServlet.service(FrameworkServlet.java:851) ~[spring-webmvc-5.0.6.RELEASE.jar:5.0.6.RELEASE]
	at javax.servlet.http.HttpServlet.service(HttpServlet.java:742) ~[tomcat-embed-core-8.5.31.jar:8.5.31]
	at org.apache.catalina.core.ApplicationFilterChain.internalDoFilter(ApplicationFilterChain.java:231) ~[tomcat-embed-core-8.5.31.jar:8.5.31]
	at org.apache.catalina.core.ApplicationFilterChain.doFilter(ApplicationFilterChain.java:166) ~[tomcat-embed-core-8.5.31.jar:8.5.31]
	at org.apache.tomcat.websocket.server.WsFilter.doFilter(WsFilter.java:52) ~[tomcat-embed-websocket-8.5.31.jar:8.5.31]
	at org.apache.catalina.core.ApplicationFilterChain.internalDoFilter(ApplicationFilterChain.java:193) ~[tomcat-embed-core-8.5.31.jar:8.5.31]
	at org.apache.catalina.core.ApplicationFilterChain.doFilter(ApplicationFilterChain.java:166) ~[tomcat-embed-core-8.5.31.jar:8.5.31]
	at org.springframework.boot.actuate.metrics.web.servlet.WebMvcMetricsFilter.filterAndRecordMetrics(WebMvcMetricsFilter.java:158) ~[spring-boot-actuator-2.0.2.RELEASE.jar:2.0.2.RELEASE]
	at org.springframework.boot.actuate.metrics.web.servlet.WebMvcMetricsFilter.filterAndRecordMetrics(WebMvcMetricsFilter.java:126) ~[spring-boot-actuator-2.0.2.RELEASE.jar:2.0.2.RELEASE]
	at org.springframework.boot.actuate.metrics.web.servlet.WebMvcMetricsFilter.doFilterInternal(WebMvcMetricsFilter.java:111) ~[spring-boot-actuator-2.0.2.RELEASE.jar:2.0.2.RELEASE]
	at org.springframework.web.filter.OncePerRequestFilter.doFilter(OncePerRequestFilter.java:107) ~[spring-web-5.0.6.RELEASE.jar:5.0.6.RELEASE]
	at org.apache.catalina.core.ApplicationFilterChain.internalDoFilter(ApplicationFilterChain.java:193) ~[tomcat-embed-core-8.5.31.jar:8.5.31]
	at org.apache.catalina.core.ApplicationFilterChain.doFilter(ApplicationFilterChain.java:166) ~[tomcat-embed-core-8.5.31.jar:8.5.31]
	at org.springframework.boot.actuate.web.trace.servlet.HttpTraceFilter.doFilterInternal(HttpTraceFilter.java:84) ~[spring-boot-actuator-2.0.2.RELEASE.jar:2.0.2.RELEASE]
	at org.springframework.web.filter.OncePerRequestFilter.doFilter(OncePerRequestFilter.java:107) ~[spring-web-5.0.6.RELEASE.jar:5.0.6.RELEASE]
	at org.apache.catalina.core.ApplicationFilterChain.internalDoFilter(ApplicationFilterChain.java:193) ~[tomcat-embed-core-8.5.31.jar:8.5.31]
	at org.apache.catalina.core.ApplicationFilterChain.doFilter(ApplicationFilterChain.java:166) ~[tomcat-embed-core-8.5.31.jar:8.5.31]
	at org.springframework.web.filter.RequestContextFilter.doFilterInternal(RequestContextFilter.java:99) ~[spring-web-5.0.6.RELEASE.jar:5.0.6.RELEASE]
	at org.springframework.web.filter.OncePerRequestFilter.doFilter(OncePerRequestFilter.java:107) ~[spring-web-5.0.6.RELEASE.jar:5.0.6.RELEASE]
	at org.apache.catalina.core.ApplicationFilterChain.internalDoFilter(ApplicationFilterChain.java:193) ~[tomcat-embed-core-8.5.31.jar:8.5.31]
	at org.apache.catalina.core.ApplicationFilterChain.doFilter(ApplicationFilterChain.java:166) ~[tomcat-embed-core-8.5.31.jar:8.5.31]
	at org.springframework.web.filter.HttpPutFormContentFilter.doFilterInternal(HttpPutFormContentFilter.java:109) ~[spring-web-5.0.6.RELEASE.jar:5.0.6.RELEASE]
	at org.springframework.web.filter.OncePerRequestFilter.doFilter(OncePerRequestFilter.java:107) ~[spring-web-5.0.6.RELEASE.jar:5.0.6.RELEASE]
	at org.apache.catalina.core.ApplicationFilterChain.internalDoFilter(ApplicationFilterChain.java:193) ~[tomcat-embed-core-8.5.31.jar:8.5.31]
	at org.apache.catalina.core.ApplicationFilterChain.doFilter(ApplicationFilterChain.java:166) ~[tomcat-embed-core-8.5.31.jar:8.5.31]
	at org.springframework.web.filter.HiddenHttpMethodFilter.doFilterInternal(HiddenHttpMethodFilter.java:81) ~[spring-web-5.0.6.RELEASE.jar:5.0.6.RELEASE]
	at org.springframework.web.filter.OncePerRequestFilter.doFilter(OncePerRequestFilter.java:107) ~[spring-web-5.0.6.RELEASE.jar:5.0.6.RELEASE]
	at org.apache.catalina.core.ApplicationFilterChain.internalDoFilter(ApplicationFilterChain.java:193) ~[tomcat-embed-core-8.5.31.jar:8.5.31]
	at org.apache.catalina.core.ApplicationFilterChain.doFilter(ApplicationFilterChain.java:166) ~[tomcat-embed-core-8.5.31.jar:8.5.31]
	at org.springframework.web.filter.CharacterEncodingFilter.doFilterInternal(CharacterEncodingFilter.java:200) ~[spring-web-5.0.6.RELEASE.jar:5.0.6.RELEASE]
	at org.springframework.web.filter.OncePerRequestFilter.doFilter(OncePerRequestFilter.java:107) ~[spring-web-5.0.6.RELEASE.jar:5.0.6.RELEASE]
	at org.apache.catalina.core.ApplicationFilterChain.internalDoFilter(ApplicationFilterChain.java:193) ~[tomcat-embed-core-8.5.31.jar:8.5.31]
	at org.apache.catalina.core.ApplicationFilterChain.doFilter(ApplicationFilterChain.java:166) ~[tomcat-embed-core-8.5.31.jar:8.5.31]
	at org.apache.catalina.core.StandardWrapperValve.invoke(StandardWrapperValve.java:198) ~[tomcat-embed-core-8.5.31.jar:8.5.31]
	at org.apache.catalina.core.StandardContextValve.invoke(StandardContextValve.java:96) [tomcat-embed-core-8.5.31.jar:8.5.31]
	at org.apache.catalina.authenticator.AuthenticatorBase.invoke(AuthenticatorBase.java:496) [tomcat-embed-core-8.5.31.jar:8.5.31]
	at org.apache.catalina.core.StandardHostValve.invoke(StandardHostValve.java:140) [tomcat-embed-core-8.5.31.jar:8.5.31]
	at org.apache.catalina.valves.ErrorReportValve.invoke(ErrorReportValve.java:81) [tomcat-embed-core-8.5.31.jar:8.5.31]
	at org.apache.catalina.core.StandardEngineValve.invoke(StandardEngineValve.java:87) [tomcat-embed-core-8.5.31.jar:8.5.31]
	at org.apache.catalina.connector.CoyoteAdapter.service(CoyoteAdapter.java:342) [tomcat-embed-core-8.5.31.jar:8.5.31]
	at org.apache.coyote.http11.Http11Processor.service(Http11Processor.java:803) [tomcat-embed-core-8.5.31.jar:8.5.31]
	at org.apache.coyote.AbstractProcessorLight.process(AbstractProcessorLight.java:66) [tomcat-embed-core-8.5.31.jar:8.5.31]
	at org.apache.coyote.AbstractProtocol$ConnectionHandler.process(AbstractProtocol.java:790) [tomcat-embed-core-8.5.31.jar:8.5.31]
	at org.apache.tomcat.util.net.NioEndpoint$SocketProcessor.doRun(NioEndpoint.java:1468) [tomcat-embed-core-8.5.31.jar:8.5.31]
	at org.apache.tomcat.util.net.SocketProcessorBase.run(SocketProcessorBase.java:49) [tomcat-embed-core-8.5.31.jar:8.5.31]
	at java.base/java.util.concurrent.ThreadPoolExecutor.runWorker(ThreadPoolExecutor.java:1135) [na:na]
	at java.base/java.util.concurrent.ThreadPoolExecutor$Worker.run(ThreadPoolExecutor.java:635) [na:na]
	at org.apache.tomcat.util.threads.TaskThread$WrappingRunnable.run(TaskThread.java:61) [tomcat-embed-core-8.5.31.jar:8.5.31]
	at java.base/java.lang.Thread.run(Thread.java:844) [na:na]

2019-04-17 17:47:16.445  INFO 15596 --- [           main] o.s.jdbc.datasource.init.ScriptUtils     : Executing SQL script from class path resource [close1.sql]
2019-04-17 17:47:16.447  INFO 15596 --- [           main] o.s.jdbc.datasource.init.ScriptUtils     : Executed SQL script from class path resource [close1.sql] in 2 ms.
]]></system-out>
  </testcase>
  <testcase name="testObtenirFormationsVide" classname="fr.bpifrance.qua.qformation.api.test.ti.FormationTest" time="0.025"/>
</testsuite>